<?xml version="1.0" encoding="UTF-8"?>
<!-- Generated by org.testng.reporters.JUnitReportReporter -->
<testsuite hostname="DESKTOP-T1QKRRO" failures="0" tests="1" name="com.crm.autodesk.seperattestscriptassg.CreatePOwithItemandclickonUpwardsymbolTest" time="56.655" errors="0" timestamp="2021-03-11T10:58:49 IST" skipped="0">
  <testcase classname="com.crm.autodesk.seperattestscriptassg.CreatePOwithItemandclickonUpwardsymbolTest" name="CreatePOwithItemandclickonUpwardsymbol" time="56.655"/>
  <system-out/>
</testsuite> <!-- com.crm.autodesk.seperattestscriptassg.CreatePOwithItemandclickonUpwardsymbolTest -->
