<?xml version="1.0" encoding="UTF-8"?>
<!-- Generated by org.testng.reporters.JUnitReportReporter -->
<testsuite hostname="DESKTOP-T1QKRRO" failures="0" tests="1" name="com.crm.autodesktestscriptassignment.CreatePurchaseOrderTest" time="94.499" errors="0" timestamp="2021-03-11T10:42:59 IST" skipped="0">
  <testcase classname="com.crm.autodesktestscriptassignment.CreatePurchaseOrderTest" name="CreatePurchaseorderWithItemandAddProduct" time="94.499"/>
  <system-out/>
</testsuite> <!-- com.crm.autodesktestscriptassignment.CreatePurchaseOrderTest -->
