<?xml version="1.0" encoding="UTF-8"?>
<!-- Generated by org.testng.reporters.JUnitReportReporter -->
<testsuite hostname="DESKTOP-T1QKRRO" failures="0" tests="1" name="com.crm.autodesk.contacttest.CreateContact" time="32.675" errors="0" timestamp="2021-03-12T13:49:16 IST" skipped="0">
  <testcase classname="com.crm.autodesk.contacttest.CreateContact" name="cretecontact" time="32.675"/>
  <system-out/>
</testsuite> <!-- com.crm.autodesk.contacttest.CreateContact -->
