<?xml version="1.0" encoding="UTF-8"?>
<!-- Generated by org.testng.reporters.JUnitReportReporter -->
<testsuite hostname="DESKTOP-T1QKRRO" failures="0" tests="1" name="com.crm.autodesk.seperattestscriptassg.CreatePOwithItemandclickonDownwardSymbolTest" time="56.668" errors="0" timestamp="2021-03-12T13:13:00 IST" skipped="0">
  <testcase classname="com.crm.autodesk.seperattestscriptassg.CreatePOwithItemandclickonDownwardSymbolTest" name="CreatePOwithItemandclickonDownwardSymbol" time="56.668"/>
  <system-out/>
</testsuite> <!-- com.crm.autodesk.seperattestscriptassg.CreatePOwithItemandclickonDownwardSymbolTest -->
